=== TEST 1 (20 rows, 10 columns) ===
*********************************************************
*  Welcome to the best program you will ever encounter  *
*********************************************************

Please enter your number of rows: 
Please enter your number of columns: 
**************
* aaaaaaaaaa *
* b        b *
* c        c *
* d        d *
* e        e *
* f        f *
* g        g *
* h        h *
* i        i *
* j        j *
* k        k *
* l        l *
* m        m *
* n        n *
* o        o *
* p        p *
* q        q *
* r        r *
* s        s *
* tttttttttt *
**************
Here you go! A rectangle of letters just for you!
The end.

=== TEST 2 (26 rows, 40 columns) ===
*********************************************************
*  Welcome to the best program you will ever encounter  *
*********************************************************

Please enter your number of rows: 
Please enter your number of columns: 
********************************************
* aaaaaaaaaaaaaaaaaaaaaaaaaaaaaaaaaaaaaaaa *
* b                                      b *
* c                                      c *
* d                                      d *
* e                                      e *
* f                                      f *
* g                                      g *
* h                                      h *
* i                                      i *
* j                                      j *
* k                                      k *
* l                                      l *
* m                                      m *
* n                                      n *
* o                                      o *
* p                                      p *
* q                                      q *
* r                                      r *
* s                                      s *
* t                                      t *
* u                                      u *
* v                                      v *
* w                                      w *
* x                                      x *
* y                                      y *
* zzzzzzzzzzzzzzzzzzzzzzzzzzzzzzzzzzzzzzzz *
********************************************
Here you go! A rectangle of letters just for you!
The end.