=== TEST 1 (20 rows, 10 columns) ===
enter the number of rows (from 2 to 26): 

enter the number of columns (from 2 to 26): 


aaaaaaaaaa
b        b
c        c
d        d
e        e
f        f
g        g
h        h
i        i
j        j
k        k
l        l
m        m
n        n
o        o
p        p
q        q
r        r
s        s
tttttttttt

Press Enter to exit...

=== TEST 2 (26 rows, 40 columns) ===
enter the number of rows (from 2 to 26): 

enter the number of columns (from 2 to 26): 
Oups! That's too many columns. Setting it to the maximum (26)  

aaaaaaaaaaaaaaaaaaaaaaaaaa
b                        b
c                        c
d                        d
e                        e
f                        f
g                        g
h                        h
i                        i
j                        j
k                        k
l                        l
m                        m
n                        n
o                        o
p                        p
q                        q
r                        r
s                        s
t                        t
u                        u
v                        v
w                        w
x                        x
y                        y
zzzzzzzzzzzzzzzzzzzzzzzzzz

Press Enter to exit...