=== TEST 1 (20 rows, 10 columns) ===
Enter the desired length Enter the desired height aaaaaaaaaaaaaaaaaaaa
b                  b
c                  c
d                  d
e                  e
f                  f
g                  g
h                  h
i                  i
aaaaaaaaaaaaaaaaaaaa


=== TEST 2 (26 rows, 40 columns) ===
Enter the desired length Enter the desired height aaaaaaaaaaaaaaaaaaaaaaaaaa
b                        b
c                        c
d                        d
e                        e
f                        f
g                        g
h                        h
i                        i
j                        j
k                        k
l                        l
m                        m
n                        n
o                        o
p                        p
q                        q
r                        r
s                        s
t                        t
u                        u
v                        v
w                        w
x                        x
y                        y
z                        z
{                        {
|                        |
}                        }
~                        ~
                        
Ä                        Ä
Å                        Å
Ç                        Ç
É                        É
Ñ                        Ñ
Ö                        Ö
Ü                        Ü
á                        á
aaaaaaaaaaaaaaaaaaaaaaaaaa
