=== TEST 1 (20 rows, 10 columns) ===
Input X and Y: 
|——————————————————|
|                  |
|                  |
|                  |
|                  |
|                  |
|                  |
|                  |
|                  |
|——————————————————|


=== TEST 2 (26 rows, 40 columns) ===
Input X and Y: 
|————————————————————————|
|                        |
|                        |
|                        |
|                        |
|                        |
|                        |
|                        |
|                        |
|                        |
|                        |
|                        |
|                        |
|                        |
|                        |
|                        |
|                        |
|                        |
|                        |
|                        |
|                        |
|                        |
|                        |
|                        |
|                        |
|                        |
|                        |
|                        |
|                        |
|                        |
|                        |
|                        |
|                        |
|                        |
|                        |
|                        |
|                        |
|                        |
|                        |
|————————————————————————|
