=== TEST 1 (20 rows, 10 columns) ===
Made by Mathis Nkombou-Kamdoum
Insert the withd and the height of the rectangle :
aaaaaaaaaaaaaaaaaaaa
b                  b
b                  b
b                  b
b                  b
b                  b
b                  b
b                  b
b                  b
aaaaaaaaaaaaaaaaaaaa


=== TEST 2 (26 rows, 40 columns) ===
Made by Mathis Nkombou-Kamdoum
Insert the withd and the height of the rectangle :
aaaaaaaaaaaaaaaaaaaaaaaaaa
b                        b
b                        b
b                        b
b                        b
b                        b
b                        b
b                        b
b                        b
b                        b
b                        b
b                        b
b                        b
b                        b
b                        b
b                        b
b                        b
b                        b
b                        b
b                        b
b                        b
b                        b
b                        b
b                        b
b                        b
b                        b
b                        b
b                        b
b                        b
b                        b
b                        b
b                        b
b                        b
b                        b
b                        b
b                        b
b                        b
b                        b
b                        b
aaaaaaaaaaaaaaaaaaaaaaaaaa
