=== TEST 1 (20 rows, 10 columns) ===
Assignment 1 : hollow_box_with_letters

Please enter # of rows of the box: Please enter # of columns of the box: aaaaaaaaaa
b        b
c        c
d        d
e        e
f        f
g        g
h        h
i        i
j        j
k        k
l        l
m        m
n        n
o        o
p        p
q        q
r        r
s        s
aaaaaaaaaa


=== TEST 2 (26 rows, 40 columns) ===
Assignment 1 : hollow_box_with_letters

Please enter # of rows of the box: Please enter # of columns of the box: aaaaaaaaaaaaaaaaaaaaaaaaaaaaaaaaaaaaaaaa
b                                      b
c                                      c
d                                      d
e                                      e
f                                      f
g                                      g
h                                      h
i                                      i
j                                      j
k                                      k
l                                      l
m                                      m
n                                      n
o                                      o
p                                      p
q                                      q
r                                      r
s                                      s
t                                      t
u                                      u
v                                      v
w                                      w
x                                      x
y                                      y
aaaaaaaaaaaaaaaaaaaaaaaaaaaaaaaaaaaaaaaa
