=== TEST 1 (20 rows, 10 columns) ===
Enter the height of the rectangle: Enter the length of the rectangle: a a a a a a a a a a 
b                 b 
c                 c 
d                 d 
e                 e 
f                 f 
g                 g 
h                 h 
i                 i 
j                 j 
k                 k 
l                 l 
m                 m 
n                 n 
o                 o 
p                 p 
q                 q 
r                 r 
s                 s 
t t t t t t t t t t 


=== TEST 2 (26 rows, 40 columns) ===
Enter the height of the rectangle: Enter the length of the rectangle: a a a a a a a a a a a a a a a a a a a a a a a a a a a a a a a a a a a a a a a a 
b                                                                             b 
c                                                                             c 
d                                                                             d 
e                                                                             e 
f                                                                             f 
g                                                                             g 
h                                                                             h 
i                                                                             i 
j                                                                             j 
k                                                                             k 
l                                                                             l 
m                                                                             m 
n                                                                             n 
o                                                                             o 
p                                                                             p 
q                                                                             q 
r                                                                             r 
s                                                                             s 
t                                                                             t 
u                                                                             u 
v                                                                             v 
w                                                                             w 
x                                                                             x 
y                                                                             y 
z z z z z z z z z z z z z z z z z z z z z z z z z z z z z z z z z z z z z z z z 
